<?xml version="1.0" encoding="UTF-8"?>
<!-- Generated by org.testng.reporters.JUnitXMLReporter -->
<testsuite ignored="0" hostname="LAPTOP-CBFKSMD2" failures="1" tests="2" name="Test" time="151.588" errors="0" timestamp="2024-12-04T19:18:08 IST">
  <testcase classname="Util.Screenshotss" name="pics" time="0.0">
    <failure type="org.testng.TestNGException" message="
Cannot inject @Test annotated Method [pics] with [interface org.openqa.selenium.WebDriver].
For more information on native dependency injection please refer to https://testng.org/doc/documentation-main.html#native-dependency-injection">
      <![CDATA[org.testng.TestNGException: 
Cannot inject @Test annotated Method [pics] with [interface org.openqa.selenium.WebDriver].
For more information on native dependency injection please refer to https://testng.org/doc/documentation-main.html#native-dependency-injection
at java.base/java.util.ArrayList.forEach(ArrayList.java:1511)
... Removed 26 stack frames]]>
    </failure>
  </testcase> <!-- pics -->
  <testcase classname="Com.Runnersript.Fbrunnrscript" name="runmeth" time="5.408"/>
</testsuite> <!-- Test -->
